0 info it worked if it ends with ok
1 verbose cli [ '/usr/local/bin/node', '/usr/local/bin/npm', 'start' ]
2 info using npm@3.10.10
3 info using node@v7.3.0
4 verbose run-script [ 'prestart', 'start', 'poststart' ]
5 info lifecycle release-auth@~prestart: release-auth@
6 silly lifecycle release-auth@~prestart: no script for prestart, continuing
7 info lifecycle release-auth@~start: release-auth@
8 verbose lifecycle release-auth@~start: unsafe-perm in lifecycle true
9 verbose lifecycle release-auth@~start: PATH: /usr/local/lib/node_modules/npm/bin/node-gyp-bin:/Users/leo/projects/release-auth/node_modules/.bin:/Users/leo/do-not-delete/google-cloud-sdk/bin:/usr/local/opt/openvpn/sbin:/usr/local/bin:/usr/bin:/bin:/usr/sbin:/sbin:/Users/leo/.rvm/bin
10 verbose lifecycle release-auth@~start: CWD: /Users/leo/projects/release-auth
11 silly lifecycle release-auth@~start: Args: [ '-c', 'micro -p 5000 index.js' ]
12 silly lifecycle release-auth@~start: Returned: code: 1  signal: null
13 info lifecycle release-auth@~start: Failed to exec start script
14 verbose stack Error: release-auth@ start: `micro -p 5000 index.js`
14 verbose stack Exit status 1
14 verbose stack     at EventEmitter.<anonymous> (/usr/local/lib/node_modules/npm/lib/utils/lifecycle.js:255:16)
14 verbose stack     at emitTwo (events.js:106:13)
14 verbose stack     at EventEmitter.emit (events.js:191:7)
14 verbose stack     at ChildProcess.<anonymous> (/usr/local/lib/node_modules/npm/lib/utils/spawn.js:40:14)
14 verbose stack     at emitTwo (events.js:106:13)
14 verbose stack     at ChildProcess.emit (events.js:191:7)
14 verbose stack     at maybeClose (internal/child_process.js:885:16)
14 verbose stack     at Process.ChildProcess._handle.onexit (internal/child_process.js:226:5)
15 verbose pkgid release-auth@
16 verbose cwd /Users/leo/projects/release-auth
17 error Darwin 16.3.0
18 error argv "/usr/local/bin/node" "/usr/local/bin/npm" "start"
19 error node v7.3.0
20 error npm  v3.10.10
21 error code ELIFECYCLE
22 error release-auth@ start: `micro -p 5000 index.js`
22 error Exit status 1
23 error Failed at the release-auth@ start script 'micro -p 5000 index.js'.
23 error Make sure you have the latest version of node.js and npm installed.
23 error If you do, this is most likely a problem with the release-auth package,
23 error not with npm itself.
23 error Tell the author that this fails on your system:
23 error     micro -p 5000 index.js
23 error You can get information on how to open an issue for this project with:
23 error     npm bugs release-auth
23 error Or if that isn't available, you can get their info via:
23 error     npm owner ls release-auth
23 error There is likely additional logging output above.
24 verbose exit [ 1, true ]
